[0m23:10:25.850870 [debug] [MainThread]: Sending event: {'category': 'dbt', 'action': 'invocation', 'label': 'start', 'context': [<snowplow_tracker.self_describing_json.SelfDescribingJson object at 0x000002022D6597F0>, <snowplow_tracker.self_describing_json.SelfDescribingJson object at 0x000002022A322FD0>, <snowplow_tracker.self_describing_json.SelfDescribingJson object at 0x000002022FAABB10>]}


============================== 23:10:25.884980 | a59d9afd-d495-4190-a9eb-6936a67d9ddb ==============================
[0m23:10:25.884980 [info ] [MainThread]: Running with dbt=1.11.11
[0m23:10:25.886585 [debug] [MainThread]: running dbt with arguments {'version_check': 'True', 'no_print': 'None', 'static_parser': 'True', 'target_path': 'None', 'warn_error_options': 'WarnErrorOptionsV2(error=[], warn=[], silence=[])', 'printer_width': '80', 'write_json': 'True', 'introspect': 'True', 'log_cache_events': 'False', 'empty': 'None', 'cache_selected_only': 'False', 'log_format': 'default', 'debug': 'False', 'fail_fast': 'False', 'partial_parse': 'True', 'send_anonymous_usage_stats': 'True', 'quiet': 'False', 'warn_error': 'None', 'profiles_dir': 'C:\\Users\\i.ouahchi\\.dbt', 'invocation_command': 'dbt init weather_transform', 'use_colors': 'True', 'indirect_selection': 'eager', 'use_experimental_parser': 'False', 'log_path': 'logs'}
[0m23:10:26.072850 [info ] [MainThread]: Creating dbt configuration folder at C:\Users\i.ouahchi\.dbt
[0m23:10:26.084301 [debug] [MainThread]: Starter project path: C:\Users\i.ouahchi\AppData\Local\Programs\Python\Python313\Lib\site-packages\dbt\include\starter_project
[0m23:10:26.559715 [info ] [MainThread]: 
Your new dbt project "weather_transform" was created!

For more information on how to configure the profiles.yml file,
please consult the dbt documentation here:

  https://docs.getdbt.com/docs/configure-your-profile

One more thing:

Need help? Don't hesitate to reach out to us via GitHub issues or on Slack:

  https://community.getdbt.com/

Happy modeling!

[0m23:10:26.561173 [info ] [MainThread]: Setting up your profile.
[0m23:10:43.085517 [info ] [MainThread]: Profile weather_transform written to C:\Users\i.ouahchi\.dbt\profiles.yml using target's sample configuration. Once updated, you'll be able to start developing with dbt.
[0m23:10:43.089474 [debug] [MainThread]: Command `dbt init` succeeded at 23:10:43.089218 after 17.63 seconds
[0m23:10:43.090527 [debug] [MainThread]: Sending event: {'category': 'dbt', 'action': 'invocation', 'label': 'end', 'context': [<snowplow_tracker.self_describing_json.SelfDescribingJson object at 0x000002022FAA6FD0>, <snowplow_tracker.self_describing_json.SelfDescribingJson object at 0x000002022FC839B0>, <snowplow_tracker.self_describing_json.SelfDescribingJson object at 0x000002022FB47350>]}
[0m23:10:43.091506 [debug] [MainThread]: Flushing usage events
[0m23:10:43.663353 [debug] [MainThread]: An error was encountered while trying to flush usage events
